2016-11-08 09:57:40.649+0000 INFO  [o.n.k.i.f.CommunityFacadeFactory] No locking implementation specified, defaulting to 'community'
2016-11-08 09:57:40.734+0000 INFO  [o.n.k.AvailabilityGuard] Requirement makes database unavailable: Database available
2016-11-08 09:57:40.751+0000 INFO  [o.n.k.i.DiagnosticsManager] --- INITIALIZED diagnostics START ---
2016-11-08 09:57:40.752+0000 INFO  [o.n.k.i.DiagnosticsManager] Neo4j Kernel properties:
2016-11-08 09:57:40.752+0000 INFO  [o.n.k.i.DiagnosticsManager] dbms.connector.http.enabled=true
2016-11-08 09:57:40.752+0000 INFO  [o.n.k.i.DiagnosticsManager] dbms.security.auth_enabled=true
2016-11-08 09:57:40.752+0000 INFO  [o.n.k.i.DiagnosticsManager] dbms.connector.bolt.type=BOLT
2016-11-08 09:57:40.752+0000 INFO  [o.n.k.i.DiagnosticsManager] unsupported.dbms.directories.neo4j_home=C:\Users\berat_imdat\Documents\Neo4j\newDB
2016-11-08 09:57:40.752+0000 INFO  [o.n.k.i.DiagnosticsManager] dbms.directories.import=import
2016-11-08 09:57:40.752+0000 INFO  [o.n.k.i.DiagnosticsManager] dbms.connector.bolt.tls_level=OPTIONAL
2016-11-08 09:57:40.752+0000 INFO  [o.n.k.i.DiagnosticsManager] dbms.shell.enabled=true
2016-11-08 09:57:40.752+0000 INFO  [o.n.k.i.DiagnosticsManager] dbms.connector.http.type=HTTP
2016-11-08 09:57:40.752+0000 INFO  [o.n.k.i.DiagnosticsManager] unsupported.dbms.directories.database=C:\Users\berat_imdat\Documents\Neo4j\newDB
2016-11-08 09:57:40.752+0000 INFO  [o.n.k.i.DiagnosticsManager] dbms.logs.http.enabled=false
2016-11-08 09:57:40.752+0000 INFO  [o.n.k.i.DiagnosticsManager] unsupported.dbms.security.auth_store.location=data\dbms\auth
2016-11-08 09:57:40.752+0000 INFO  [o.n.k.i.DiagnosticsManager] unsupported.dbms.edition=community
2016-11-08 09:57:40.753+0000 INFO  [o.n.k.i.DiagnosticsManager] dbms.connector.bolt.enabled=true
2016-11-08 09:57:40.753+0000 INFO  [o.n.k.i.DiagnosticsManager] Diagnostics providers:
2016-11-08 09:57:40.753+0000 INFO  [o.n.k.i.DiagnosticsManager] org.neo4j.kernel.configuration.Config
2016-11-08 09:57:40.753+0000 INFO  [o.n.k.i.DiagnosticsManager] org.neo4j.kernel.info.DiagnosticsManager
2016-11-08 09:57:40.753+0000 INFO  [o.n.k.i.DiagnosticsManager] SYSTEM_MEMORY
2016-11-08 09:57:40.753+0000 INFO  [o.n.k.i.DiagnosticsManager] JAVA_MEMORY
2016-11-08 09:57:40.753+0000 INFO  [o.n.k.i.DiagnosticsManager] OPERATING_SYSTEM
2016-11-08 09:57:40.753+0000 INFO  [o.n.k.i.DiagnosticsManager] JAVA_VIRTUAL_MACHINE
2016-11-08 09:57:40.753+0000 INFO  [o.n.k.i.DiagnosticsManager] CLASSPATH
2016-11-08 09:57:40.753+0000 INFO  [o.n.k.i.DiagnosticsManager] LIBRARY_PATH
2016-11-08 09:57:40.753+0000 INFO  [o.n.k.i.DiagnosticsManager] SYSTEM_PROPERTIES
2016-11-08 09:57:40.753+0000 INFO  [o.n.k.i.DiagnosticsManager] NETWORK
2016-11-08 09:57:40.753+0000 INFO  [o.n.k.i.DiagnosticsManager] System memory information:
2016-11-08 09:57:40.755+0000 INFO  [o.n.k.i.DiagnosticsManager] Total Physical memory: 3,89 GB
2016-11-08 09:57:40.755+0000 INFO  [o.n.k.i.DiagnosticsManager] Free Physical memory: 694,86 MB
2016-11-08 09:57:40.755+0000 INFO  [o.n.k.i.DiagnosticsManager] Committed virtual memory: 190,99 MB
2016-11-08 09:57:40.756+0000 INFO  [o.n.k.i.DiagnosticsManager] Total swap space: 7,01 GB
2016-11-08 09:57:40.756+0000 INFO  [o.n.k.i.DiagnosticsManager] Free swap space: 1,21 GB
2016-11-08 09:57:40.756+0000 INFO  [o.n.k.i.DiagnosticsManager] JVM memory information:
2016-11-08 09:57:40.756+0000 INFO  [o.n.k.i.DiagnosticsManager] Free  memory: 29,38 MB
2016-11-08 09:57:40.756+0000 INFO  [o.n.k.i.DiagnosticsManager] Total memory: 61,50 MB
2016-11-08 09:57:40.756+0000 INFO  [o.n.k.i.DiagnosticsManager] Max   memory: 885,50 MB
2016-11-08 09:57:40.797+0000 INFO  [o.n.k.i.DiagnosticsManager] Garbage Collector: PS Scavenge: [PS Eden Space, PS Survivor Space]
2016-11-08 09:57:40.797+0000 INFO  [o.n.k.i.DiagnosticsManager] Garbage Collector: PS MarkSweep: [PS Eden Space, PS Survivor Space, PS Old Gen]
2016-11-08 09:57:40.810+0000 INFO  [o.n.k.i.DiagnosticsManager] Memory Pool: Code Cache (Non-heap memory): committed=6,75 MB, used=6,72 MB, max=240,00 MB, threshold=0,00 B
2016-11-08 09:57:40.811+0000 INFO  [o.n.k.i.DiagnosticsManager] Memory Pool: Metaspace (Non-heap memory): committed=20,13 MB, used=19,53 MB, max=-1,00 B, threshold=0,00 B
2016-11-08 09:57:40.812+0000 INFO  [o.n.k.i.DiagnosticsManager] Memory Pool: Compressed Class Space (Non-heap memory): committed=2,88 MB, used=2,69 MB, max=1,00 GB, threshold=0,00 B
2016-11-08 09:57:40.813+0000 INFO  [o.n.k.i.DiagnosticsManager] Memory Pool: PS Eden Space (Heap memory): committed=16,00 MB, used=14,26 MB, max=327,00 MB, threshold=?
2016-11-08 09:57:40.814+0000 INFO  [o.n.k.i.DiagnosticsManager] Memory Pool: PS Survivor Space (Heap memory): committed=2,50 MB, used=2,50 MB, max=2,50 MB, threshold=?
2016-11-08 09:57:40.815+0000 INFO  [o.n.k.i.DiagnosticsManager] Memory Pool: PS Old Gen (Heap memory): committed=43,00 MB, used=15,56 MB, max=664,00 MB, threshold=0,00 B
2016-11-08 09:57:40.815+0000 INFO  [o.n.k.i.DiagnosticsManager] Operating system information:
2016-11-08 09:57:40.817+0000 INFO  [o.n.k.i.DiagnosticsManager] Operating System: Windows 10; version: 10.0; arch: amd64; cpus: 8
2016-11-08 09:57:40.990+0000 INFO  [o.n.k.i.DiagnosticsManager] Process id: 5360@Mahmut-imdat
2016-11-08 09:57:40.990+0000 INFO  [o.n.k.i.DiagnosticsManager] Byte order: LITTLE_ENDIAN
2016-11-08 09:57:40.991+0000 INFO  [o.n.k.i.DiagnosticsManager] Local timezone: Europe/Moscow
2016-11-08 09:57:40.991+0000 INFO  [o.n.k.i.DiagnosticsManager] JVM information:
2016-11-08 09:57:40.991+0000 INFO  [o.n.k.i.DiagnosticsManager] VM Name: Java HotSpot(TM) 64-Bit Server VM
2016-11-08 09:57:40.991+0000 INFO  [o.n.k.i.DiagnosticsManager] VM Vendor: Oracle Corporation
2016-11-08 09:57:40.991+0000 INFO  [o.n.k.i.DiagnosticsManager] VM Version: 25.60-b23
2016-11-08 09:57:40.993+0000 INFO  [o.n.k.i.DiagnosticsManager] JIT compiler: HotSpot 64-Bit Tiered Compilers
2016-11-08 09:57:40.994+0000 INFO  [o.n.k.i.DiagnosticsManager] VM Arguments: [-Dexe4j.semaphoreName=Local\c:_program_files_neo4j_ce_3.0.6_bin_neo4j-ce.exe, -Dexe4j.isInstall4j=true, -Dexe4j.moduleName=C:\Program Files\Neo4j CE 3.0.6\bin\neo4j-ce.exe, -Dexe4j.tempDir=, -Dexe4j.unextractedPosition=0, -Djava.library.path=C:\Windows\system32;C:\Windows;C:\Windows\System32\Wbem;C:\Windows\System32\WindowsPowerShell\v1.0\;C:\Program Files\TortoiseSVN\bin;C:\Program Files (x86)\Skype\Phone\;C:\Program Files\Java\jdk1.7.0_79\bin;C:\Program Files (x86)\Heroku\bin;C:\Program Files (x86)\git\cmd;C:\Program Files (x86)\Git\cmd;C:\Program Files\nodejs\;C:\Ruby193\bin;C:\Ruby22\bin;C:\Users\berat_imdat\AppData\Roaming\npm;C:\Program Files (x86)\Microsoft VS Code\bin;c:\program files\neo4j ce 3.0.6\jre\bin, -Dexe4j.consoleCodepage=cp0, -Dinstall4j.launcherId=24, -Dinstall4j.swt=false]
2016-11-08 09:57:40.994+0000 INFO  [o.n.k.i.DiagnosticsManager] Java classpath:
2016-11-08 09:57:41.006+0000 INFO  [o.n.k.i.DiagnosticsManager]  [loader.1] file:/C:/Program%20Files/Neo4j%20CE%203.0.6/jre/lib/ext/jfxrt.jar
2016-11-08 09:57:41.006+0000 INFO  [o.n.k.i.DiagnosticsManager]  [loader.1] file:/C:/Program%20Files/Neo4j%20CE%203.0.6/jre/lib/ext/zipfs.jar
2016-11-08 09:57:41.007+0000 INFO  [o.n.k.i.DiagnosticsManager]  [loader.1] file:/C:/Program%20Files/Neo4j%20CE%203.0.6/jre/lib/ext/localedata.jar
2016-11-08 09:57:41.007+0000 INFO  [o.n.k.i.DiagnosticsManager]  [loader.1] file:/C:/Program%20Files/Neo4j%20CE%203.0.6/jre/lib/ext/sunmscapi.jar
2016-11-08 09:57:41.007+0000 INFO  [o.n.k.i.DiagnosticsManager]  [loader.1] file:/C:/Program%20Files/Neo4j%20CE%203.0.6/jre/lib/ext/sunpkcs11.jar
2016-11-08 09:57:41.007+0000 INFO  [o.n.k.i.DiagnosticsManager]  [bootstrap] C:\Program Files\Neo4j CE 3.0.6\jre\lib\jfr.jar
2016-11-08 09:57:41.007+0000 INFO  [o.n.k.i.DiagnosticsManager]  [loader.1] file:/C:/Program%20Files/Neo4j%20CE%203.0.6/jre/lib/ext/sunjce_provider.jar
2016-11-08 09:57:41.007+0000 INFO  [o.n.k.i.DiagnosticsManager]  [loader.1] file:/C:/Program%20Files/Neo4j%20CE%203.0.6/jre/lib/ext/cldrdata.jar
2016-11-08 09:57:41.007+0000 INFO  [o.n.k.i.DiagnosticsManager]  [loader.1] file:/C:/Program%20Files/Neo4j%20CE%203.0.6/jre/lib/ext/sunec.jar
2016-11-08 09:57:41.007+0000 INFO  [o.n.k.i.DiagnosticsManager]  [bootstrap] C:\Program Files\Neo4j CE 3.0.6\jre\lib\charsets.jar
2016-11-08 09:57:41.007+0000 INFO  [o.n.k.i.DiagnosticsManager]  [loader.0] file:/C:/Program%20Files/Neo4j%20CE%203.0.6/.install4j/i4jruntime.jar
2016-11-08 09:57:41.008+0000 INFO  [o.n.k.i.DiagnosticsManager]  [bootstrap] C:\Program Files\Neo4j CE 3.0.6\jre\classes
2016-11-08 09:57:41.008+0000 INFO  [o.n.k.i.DiagnosticsManager]  [bootstrap] C:\Program Files\Neo4j CE 3.0.6\jre\lib\jsse.jar
2016-11-08 09:57:41.008+0000 INFO  [o.n.k.i.DiagnosticsManager]  [loader.0] file:/C:/Program%20Files/Neo4j%20CE%203.0.6/bin/
2016-11-08 09:57:41.008+0000 INFO  [o.n.k.i.DiagnosticsManager]  [loader.1] file:/C:/Program%20Files/Neo4j%20CE%203.0.6/jre/lib/ext/nashorn.jar
2016-11-08 09:57:41.008+0000 INFO  [o.n.k.i.DiagnosticsManager]  [loader.1] file:/C:/Program%20Files/Neo4j%20CE%203.0.6/jre/lib/ext/access-bridge-64.jar
2016-11-08 09:57:41.008+0000 INFO  [o.n.k.i.DiagnosticsManager]  [loader.0] file:/C:/Program%20Files/Neo4j%20CE%203.0.6/bin/neo4j-desktop-3.0.6.jar
2016-11-08 09:57:41.008+0000 INFO  [o.n.k.i.DiagnosticsManager]  [loader.1] file:/C:/Program%20Files/Neo4j%20CE%203.0.6/jre/lib/ext/jaccess.jar
2016-11-08 09:57:41.008+0000 INFO  [o.n.k.i.DiagnosticsManager]  [classpath] C:\Program Files\Neo4j CE 3.0.6\bin\neo4j-desktop-3.0.6.jar
2016-11-08 09:57:41.008+0000 INFO  [o.n.k.i.DiagnosticsManager]  [bootstrap] C:\Program Files\Neo4j CE 3.0.6\jre\lib\resources.jar
2016-11-08 09:57:41.008+0000 INFO  [o.n.k.i.DiagnosticsManager]  [bootstrap] C:\Program Files\Neo4j CE 3.0.6\jre\lib\sunrsasign.jar
2016-11-08 09:57:41.008+0000 INFO  [o.n.k.i.DiagnosticsManager]  [bootstrap] C:\Program Files\Neo4j CE 3.0.6\jre\lib\jce.jar
2016-11-08 09:57:41.009+0000 INFO  [o.n.k.i.DiagnosticsManager]  [bootstrap] C:\Program Files\Neo4j CE 3.0.6\jre\lib\rt.jar
2016-11-08 09:57:41.009+0000 INFO  [o.n.k.i.DiagnosticsManager]  [classpath] C:\Program Files\Neo4j CE 3.0.6\.install4j\i4jruntime.jar
2016-11-08 09:57:41.009+0000 INFO  [o.n.k.i.DiagnosticsManager]  [loader.1] file:/C:/Program%20Files/Neo4j%20CE%203.0.6/jre/lib/ext/dnsns.jar
2016-11-08 09:57:41.009+0000 INFO  [o.n.k.i.DiagnosticsManager] Library path:
2016-11-08 09:57:41.010+0000 INFO  [o.n.k.i.DiagnosticsManager] C:\Windows\System32
2016-11-08 09:57:41.011+0000 INFO  [o.n.k.i.DiagnosticsManager] C:\Windows
2016-11-08 09:57:41.012+0000 INFO  [o.n.k.i.DiagnosticsManager] C:\Windows\System32\wbem
2016-11-08 09:57:41.013+0000 INFO  [o.n.k.i.DiagnosticsManager] C:\Windows\System32\WindowsPowerShell\v1.0
2016-11-08 09:57:41.014+0000 INFO  [o.n.k.i.DiagnosticsManager] C:\Program Files\TortoiseSVN\bin
2016-11-08 09:57:41.024+0000 INFO  [o.n.k.i.DiagnosticsManager] C:\Program Files (x86)\Skype\Phone
2016-11-08 09:57:41.026+0000 INFO  [o.n.k.i.DiagnosticsManager] C:\Program Files\Java\jdk1.7.0_79\bin
2016-11-08 09:57:41.027+0000 INFO  [o.n.k.i.DiagnosticsManager] C:\Program Files (x86)\Heroku\bin
2016-11-08 09:57:41.028+0000 INFO  [o.n.k.i.DiagnosticsManager] C:\Program Files (x86)\Git\cmd
2016-11-08 09:57:41.029+0000 INFO  [o.n.k.i.DiagnosticsManager] C:\Program Files (x86)\Git\cmd
2016-11-08 09:57:41.030+0000 INFO  [o.n.k.i.DiagnosticsManager] C:\Program Files\nodejs
2016-11-08 09:57:41.030+0000 INFO  [o.n.k.i.DiagnosticsManager] C:\Ruby193\bin
2016-11-08 09:57:41.031+0000 INFO  [o.n.k.i.DiagnosticsManager] C:\Ruby22\bin
2016-11-08 09:57:41.033+0000 INFO  [o.n.k.i.DiagnosticsManager] C:\Users\berat_imdat\AppData\Roaming\npm
2016-11-08 09:57:41.034+0000 INFO  [o.n.k.i.DiagnosticsManager] C:\Program Files (x86)\Microsoft VS Code\bin
2016-11-08 09:57:41.035+0000 INFO  [o.n.k.i.DiagnosticsManager] C:\Program Files\Neo4j CE 3.0.6\jre\bin
2016-11-08 09:57:41.035+0000 INFO  [o.n.k.i.DiagnosticsManager] System.properties:
2016-11-08 09:57:41.035+0000 INFO  [o.n.k.i.DiagnosticsManager] exe4j.moduleName = C:\Program Files\Neo4j CE 3.0.6\bin\neo4j-ce.exe
2016-11-08 09:57:41.035+0000 INFO  [o.n.k.i.DiagnosticsManager] exe4j.semaphoreName = Local\c:_program_files_neo4j_ce_3.0.6_bin_neo4j-ce.exe
2016-11-08 09:57:41.035+0000 INFO  [o.n.k.i.DiagnosticsManager] sun.boot.library.path = c:\program files\neo4j ce 3.0.6\jre\bin
2016-11-08 09:57:41.035+0000 INFO  [o.n.k.i.DiagnosticsManager] user.country.format = TR
2016-11-08 09:57:41.035+0000 INFO  [o.n.k.i.DiagnosticsManager] exe4j.consoleCodepage = cp0
2016-11-08 09:57:41.036+0000 INFO  [o.n.k.i.DiagnosticsManager] path.separator = ;
2016-11-08 09:57:41.036+0000 INFO  [o.n.k.i.DiagnosticsManager] file.encoding.pkg = sun.io
2016-11-08 09:57:41.036+0000 INFO  [o.n.k.i.DiagnosticsManager] user.country = US
2016-11-08 09:57:41.036+0000 INFO  [o.n.k.i.DiagnosticsManager] user.script = 
2016-11-08 09:57:41.036+0000 INFO  [o.n.k.i.DiagnosticsManager] sun.os.patch.level = 
2016-11-08 09:57:41.036+0000 INFO  [o.n.k.i.DiagnosticsManager] install4j.exeDir = C:\Program Files\Neo4j CE 3.0.6\bin\
2016-11-08 09:57:41.036+0000 INFO  [o.n.k.i.DiagnosticsManager] user.dir = C:\Program Files\Neo4j CE 3.0.6\bin
2016-11-08 09:57:41.036+0000 INFO  [o.n.k.i.DiagnosticsManager] user.variant = 
2016-11-08 09:57:41.036+0000 INFO  [o.n.k.i.DiagnosticsManager] exe4j.tempDir = 
2016-11-08 09:57:41.036+0000 INFO  [o.n.k.i.DiagnosticsManager] sun.jnu.encoding = Cp1254
2016-11-08 09:57:41.036+0000 INFO  [o.n.k.i.DiagnosticsManager] unsupported.dbms.udc.source = desktop
2016-11-08 09:57:41.036+0000 INFO  [o.n.k.i.DiagnosticsManager] sun.awt.enableExtraMouseButtons = true
2016-11-08 09:57:41.036+0000 INFO  [o.n.k.i.DiagnosticsManager] install4j.launcherId = 24
2016-11-08 09:57:41.036+0000 INFO  [o.n.k.i.DiagnosticsManager] sun.management.compiler = HotSpot 64-Bit Tiered Compilers
2016-11-08 09:57:41.037+0000 INFO  [o.n.k.i.DiagnosticsManager] exe4j.isInstall4j = true
2016-11-08 09:57:41.037+0000 INFO  [o.n.k.i.DiagnosticsManager] install4j.swt = false
2016-11-08 09:57:41.037+0000 INFO  [o.n.k.i.DiagnosticsManager] user.home = C:\Users\berat_imdat
2016-11-08 09:57:41.037+0000 INFO  [o.n.k.i.DiagnosticsManager] user.timezone = Europe/Moscow
2016-11-08 09:57:41.037+0000 INFO  [o.n.k.i.DiagnosticsManager] file.encoding = Cp1254
2016-11-08 09:57:41.037+0000 INFO  [o.n.k.i.DiagnosticsManager] user.name = berat_imdat
2016-11-08 09:57:41.037+0000 INFO  [o.n.k.i.DiagnosticsManager] sun.java.command = C:\Program Files\Neo4j CE 3.0.6\bin\neo4j-ce.exe
2016-11-08 09:57:41.037+0000 INFO  [o.n.k.i.DiagnosticsManager] sun.arch.data.model = 64
2016-11-08 09:57:41.037+0000 INFO  [o.n.k.i.DiagnosticsManager] exe4j.launchName = C:\Program Files\Neo4j CE 3.0.6\bin\neo4j-ce.exe
2016-11-08 09:57:41.037+0000 INFO  [o.n.k.i.DiagnosticsManager] user.language = en
2016-11-08 09:57:41.037+0000 INFO  [o.n.k.i.DiagnosticsManager] user.language.format = tr
2016-11-08 09:57:41.037+0000 INFO  [o.n.k.i.DiagnosticsManager] awt.toolkit = sun.awt.windows.WToolkit
2016-11-08 09:57:41.038+0000 INFO  [o.n.k.i.DiagnosticsManager] exe4j.unextractedPosition = 0
2016-11-08 09:57:41.038+0000 INFO  [o.n.k.i.DiagnosticsManager] install4j.appDir = C:\Program Files\Neo4j CE 3.0.6\
2016-11-08 09:57:41.038+0000 INFO  [o.n.k.i.DiagnosticsManager] file.separator = \
2016-11-08 09:57:41.038+0000 INFO  [o.n.k.i.DiagnosticsManager] sun.io.unicode.encoding = UnicodeLittle
2016-11-08 09:57:41.038+0000 INFO  [o.n.k.i.DiagnosticsManager] sun.cpu.endian = little
2016-11-08 09:57:41.038+0000 INFO  [o.n.k.i.DiagnosticsManager] sun.desktop = windows
2016-11-08 09:57:41.038+0000 INFO  [o.n.k.i.DiagnosticsManager] sun.cpu.isalist = amd64
2016-11-08 09:57:41.038+0000 INFO  [o.n.k.i.DiagnosticsManager] Network information:
2016-11-08 09:57:41.051+0000 INFO  [o.n.k.i.DiagnosticsManager] Interface Software Loopback Interface 1:
2016-11-08 09:57:41.065+0000 INFO  [o.n.k.i.DiagnosticsManager]     address: 127.0.0.1
2016-11-08 09:57:41.065+0000 INFO  [o.n.k.i.DiagnosticsManager]     address: 0:0:0:0:0:0:0:1
2016-11-08 09:57:41.065+0000 INFO  [o.n.k.i.DiagnosticsManager] Interface Intel(R) Ethernet Connection I217-LM:
2016-11-08 09:57:41.065+0000 INFO  [o.n.k.i.DiagnosticsManager]     address: 10.106.1.158
2016-11-08 09:57:41.066+0000 INFO  [o.n.k.i.DiagnosticsManager]     address: fe80:0:0:0:e409:dedf:28b0:93bd%eth0
2016-11-08 09:57:41.066+0000 INFO  [o.n.k.i.DiagnosticsManager] Interface Microsoft Kernel Debug Network Adapter:
2016-11-08 09:57:41.066+0000 INFO  [o.n.k.i.DiagnosticsManager] Interface Intel(R) 82574L Gigabit Network Connection:
2016-11-08 09:57:41.066+0000 INFO  [o.n.k.i.DiagnosticsManager] Interface Microsoft Teredo Tunneling Adapter:
2016-11-08 09:57:41.066+0000 INFO  [o.n.k.i.DiagnosticsManager] Interface Microsoft ISATAP Adapter #2:
2016-11-08 09:57:41.066+0000 INFO  [o.n.k.i.DiagnosticsManager]     address: fe80:0:0:0:0:5efe:a6a:19e%net1
2016-11-08 09:57:41.066+0000 INFO  [o.n.k.i.DiagnosticsManager] Interface Intel(R) Ethernet Connection I217-LM-WFP Native MAC Layer LightWeight Filter-0000:
2016-11-08 09:57:41.066+0000 INFO  [o.n.k.i.DiagnosticsManager] Interface Intel(R) Ethernet Connection I217-LM-Epfw NDIS LightWeight Filter-0000:
2016-11-08 09:57:41.067+0000 INFO  [o.n.k.i.DiagnosticsManager] Interface Intel(R) Ethernet Connection I217-LM-QoS Packet Scheduler-0000:
2016-11-08 09:57:41.067+0000 INFO  [o.n.k.i.DiagnosticsManager] Interface Intel(R) Ethernet Connection I217-LM-WFP 802.3 MAC Layer LightWeight Filter-0000:
2016-11-08 09:57:41.067+0000 INFO  [o.n.k.i.DiagnosticsManager] --- INITIALIZED diagnostics END ---
2016-11-08 09:57:41.375+0000 INFO  [o.n.b.v.r.Sessions] No SSL certificate found, generating a self-signed certificate..
2016-11-08 09:57:43.902+0000 INFO  [o.n.b.v.r.Sessions] Bolt Server extension loaded.
2016-11-08 09:57:43.902+0000 INFO  [o.n.b.v.r.Sessions] Bolt enabled on localhost:7687.
2016-11-08 09:57:44.136+0000 INFO  [o.n.k.i.s.f.RecordFormatSelector] Selected format 'RecordFormat:StandardV3_0[v0.A.7]' for the new store
2016-11-08 09:57:46.719+0000 INFO  [o.n.k.a.i.l.LuceneLabelScanStore] No lucene scan store index found, this might just be first use. Preparing to rebuild.
2016-11-08 09:57:46.999+0000 INFO  [o.n.k.NeoStoreDataSource] Opened logical log [C:\Users\berat_imdat\Documents\Neo4j\newDB\neostore.transaction.db.0] version=0, lastTxId=1 (clean)
2016-11-08 09:57:47.006+0000 WARN  [o.n.k.i.s.MetaDataStore] Missing counts store, rebuilding it.
2016-11-08 09:57:47.123+0000 INFO  [o.n.k.a.i.l.LuceneLabelScanStore] Rebuilding lucene scan store, this may take a while
2016-11-08 09:57:47.151+0000 INFO  [o.n.k.a.i.l.LuceneLabelScanStore] Lucene scan store rebuilt (roughly 0 nodes)
2016-11-08 09:57:47.155+0000 INFO  [o.n.k.i.DatabaseHealth] Database health set to OK
2016-11-08 09:57:49.078+0000 INFO  [o.n.k.AvailabilityGuard] Fulfilling of requirement makes database available: Database available
2016-11-08 09:57:49.079+0000 INFO  [o.n.k.i.f.CommunityFacadeFactory] Database is now ready
2016-11-08 09:57:49.080+0000 INFO  [o.n.k.i.DiagnosticsManager] --- STARTED diagnostics for KernelDiagnostics:Versions START ---
2016-11-08 09:57:49.080+0000 INFO  [o.n.k.i.DiagnosticsManager] Graph Database: community single StoreId{creationTime=1478599066462, randomId=-9209376534702906994, storeVersion=15531981201765894, upgradeTime=1478599066462, upgradeId=1}
2016-11-08 09:57:49.080+0000 INFO  [o.n.k.i.DiagnosticsManager] Kernel version: 3.0.6
2016-11-08 09:57:49.081+0000 INFO  [o.n.k.i.DiagnosticsManager] --- STARTED diagnostics for KernelDiagnostics:Versions END ---
2016-11-08 09:57:49.082+0000 INFO  [o.n.k.i.DiagnosticsManager] --- STARTED diagnostics for NEO_STORE_VERSIONS START ---
2016-11-08 09:57:49.082+0000 INFO  [o.n.k.i.DiagnosticsManager] Store versions:
2016-11-08 09:57:49.083+0000 INFO  [o.n.k.i.DiagnosticsManager] Store versions:
2016-11-08 09:57:49.083+0000 INFO  [o.n.k.i.DiagnosticsManager]   ArrayPropertyStore v0.A.7
2016-11-08 09:57:49.083+0000 INFO  [o.n.k.i.DiagnosticsManager]   NodeStore v0.A.7
2016-11-08 09:57:49.083+0000 INFO  [o.n.k.i.DiagnosticsManager]   StringPropertyStore v0.A.7
2016-11-08 09:57:49.084+0000 INFO  [o.n.k.i.DiagnosticsManager]   PropertyIndexStore v0.A.7
2016-11-08 09:57:49.084+0000 INFO  [o.n.k.i.DiagnosticsManager]   StringPropertyStore v0.A.7
2016-11-08 09:57:49.084+0000 INFO  [o.n.k.i.DiagnosticsManager]   ArrayPropertyStore v0.A.7
2016-11-08 09:57:49.084+0000 INFO  [o.n.k.i.DiagnosticsManager]   PropertyStore v0.A.7
2016-11-08 09:57:49.084+0000 INFO  [o.n.k.i.DiagnosticsManager]   RelationshipStore v0.A.7
2016-11-08 09:57:49.085+0000 INFO  [o.n.k.i.DiagnosticsManager]   StringPropertyStore v0.A.7
2016-11-08 09:57:49.085+0000 INFO  [o.n.k.i.DiagnosticsManager]   RelationshipTypeStore v0.A.7
2016-11-08 09:57:49.085+0000 INFO  [o.n.k.i.DiagnosticsManager]   StringPropertyStore v0.A.7
2016-11-08 09:57:49.085+0000 INFO  [o.n.k.i.DiagnosticsManager]   LabelTokenStore v0.A.7
2016-11-08 09:57:49.085+0000 INFO  [o.n.k.i.DiagnosticsManager]   SchemaStore v0.A.7
2016-11-08 09:57:49.086+0000 INFO  [o.n.k.i.DiagnosticsManager]   RelationshipGroupStore v0.A.7
2016-11-08 09:57:49.086+0000 INFO  [o.n.k.i.DiagnosticsManager]   NeoStore v0.A.7
2016-11-08 09:57:49.086+0000 INFO  [o.n.k.i.DiagnosticsManager] --- STARTED diagnostics for NEO_STORE_VERSIONS END ---
2016-11-08 09:57:49.086+0000 INFO  [o.n.k.i.DiagnosticsManager] --- STARTED diagnostics for NEO_STORE_ID_USAGE START ---
2016-11-08 09:57:49.087+0000 INFO  [o.n.k.i.DiagnosticsManager] Id usage:
2016-11-08 09:57:49.087+0000 INFO  [o.n.k.i.DiagnosticsManager] Id usage:
2016-11-08 09:57:49.087+0000 INFO  [o.n.k.i.DiagnosticsManager]   ArrayPropertyStore: used=1 high=0
2016-11-08 09:57:49.087+0000 INFO  [o.n.k.i.DiagnosticsManager]   NodeStore: used=0 high=-1
2016-11-08 09:57:49.088+0000 INFO  [o.n.k.i.DiagnosticsManager]   StringPropertyStore: used=1 high=0
2016-11-08 09:57:49.088+0000 INFO  [o.n.k.i.DiagnosticsManager]   PropertyIndexStore: used=0 high=-1
2016-11-08 09:57:49.088+0000 INFO  [o.n.k.i.DiagnosticsManager]   StringPropertyStore: used=1 high=0
2016-11-08 09:57:49.088+0000 INFO  [o.n.k.i.DiagnosticsManager]   ArrayPropertyStore: used=1 high=0
2016-11-08 09:57:49.089+0000 INFO  [o.n.k.i.DiagnosticsManager]   PropertyStore: used=0 high=-1
2016-11-08 09:57:49.089+0000 INFO  [o.n.k.i.DiagnosticsManager]   RelationshipStore: used=0 high=-1
2016-11-08 09:57:49.089+0000 INFO  [o.n.k.i.DiagnosticsManager]   StringPropertyStore: used=1 high=0
2016-11-08 09:57:49.090+0000 INFO  [o.n.k.i.DiagnosticsManager]   RelationshipTypeStore: used=0 high=-1
2016-11-08 09:57:49.090+0000 INFO  [o.n.k.i.DiagnosticsManager]   StringPropertyStore: used=1 high=0
2016-11-08 09:57:49.090+0000 INFO  [o.n.k.i.DiagnosticsManager]   LabelTokenStore: used=0 high=-1
2016-11-08 09:57:49.090+0000 INFO  [o.n.k.i.DiagnosticsManager]   SchemaStore: used=1 high=0
2016-11-08 09:57:49.091+0000 INFO  [o.n.k.i.DiagnosticsManager]   RelationshipGroupStore: used=1 high=0
2016-11-08 09:57:49.091+0000 INFO  [o.n.k.i.DiagnosticsManager]   NeoStore: used=15 high=14
2016-11-08 09:57:49.091+0000 INFO  [o.n.k.i.DiagnosticsManager] --- STARTED diagnostics for NEO_STORE_ID_USAGE END ---
2016-11-08 09:57:49.091+0000 INFO  [o.n.k.i.DiagnosticsManager] --- STARTED diagnostics for NEO_STORE_RECORDS START ---
2016-11-08 09:57:49.091+0000 INFO  [o.n.k.i.DiagnosticsManager] Neostore records:
2016-11-08 09:57:49.092+0000 INFO  [o.n.k.i.DiagnosticsManager] TIME (Creation time): 1478599066462
2016-11-08 09:57:49.093+0000 INFO  [o.n.k.i.DiagnosticsManager] RANDOM_NUMBER (Random number for store id): -9209376534702906994
2016-11-08 09:57:49.093+0000 INFO  [o.n.k.i.DiagnosticsManager] LOG_VERSION (Current log version): 0
2016-11-08 09:57:49.093+0000 INFO  [o.n.k.i.DiagnosticsManager] LAST_TRANSACTION_ID (Last committed transaction): 1
2016-11-08 09:57:49.093+0000 INFO  [o.n.k.i.DiagnosticsManager] STORE_VERSION (Store format version): 15531981201765894
2016-11-08 09:57:49.093+0000 INFO  [o.n.k.i.DiagnosticsManager] FIRST_GRAPH_PROPERTY (First property record containing graph properties): -1
2016-11-08 09:57:49.094+0000 INFO  [o.n.k.i.DiagnosticsManager] LAST_CONSTRAINT_TRANSACTION (Last committed transaction containing constraint changes): 0
2016-11-08 09:57:49.094+0000 INFO  [o.n.k.i.DiagnosticsManager] UPGRADE_TRANSACTION_ID (Transaction id most recent upgrade was performed at): 1
2016-11-08 09:57:49.094+0000 INFO  [o.n.k.i.DiagnosticsManager] UPGRADE_TIME (Time of last upgrade): 1478599066462
2016-11-08 09:57:49.094+0000 INFO  [o.n.k.i.DiagnosticsManager] LAST_TRANSACTION_CHECKSUM (Checksum of last committed transaction): 0
2016-11-08 09:57:49.094+0000 INFO  [o.n.k.i.DiagnosticsManager] UPGRADE_TRANSACTION_CHECKSUM (Checksum of transaction id the most recent upgrade was performed at): 0
2016-11-08 09:57:49.095+0000 INFO  [o.n.k.i.DiagnosticsManager] LAST_CLOSED_TRANSACTION_LOG_VERSION (Log version where the last transaction commit entry has been written into): 0
2016-11-08 09:57:49.095+0000 INFO  [o.n.k.i.DiagnosticsManager] LAST_CLOSED_TRANSACTION_LOG_BYTE_OFFSET (Byte offset in the log file where the last transaction commit entry has been written into): 16
2016-11-08 09:57:49.095+0000 INFO  [o.n.k.i.DiagnosticsManager] LAST_TRANSACTION_COMMIT_TIMESTAMP (Commit time timestamp for last committed transaction): 0
2016-11-08 09:57:49.095+0000 INFO  [o.n.k.i.DiagnosticsManager] UPGRADE_TRANSACTION_COMMIT_TIMESTAMP (Commit timestamp of transaction the most recent upgrade was performed at): 0
2016-11-08 09:57:49.095+0000 INFO  [o.n.k.i.DiagnosticsManager] --- STARTED diagnostics for NEO_STORE_RECORDS END ---
2016-11-08 09:57:49.096+0000 INFO  [o.n.k.i.DiagnosticsManager] --- STARTED diagnostics for TRANSACTION_RANGE START ---
2016-11-08 09:57:49.097+0000 INFO  [o.n.k.i.DiagnosticsManager] Transaction log:
2016-11-08 09:57:49.098+0000 INFO  [o.n.k.i.DiagnosticsManager] No transactions found in any log
2016-11-08 09:57:49.098+0000 INFO  [o.n.k.i.DiagnosticsManager] --- STARTED diagnostics for TRANSACTION_RANGE END ---
2016-11-08 09:57:49.099+0000 INFO  [o.n.k.i.DiagnosticsManager] --- STARTED diagnostics for KernelDiagnostics:StoreFiles START ---
2016-11-08 09:57:49.101+0000 INFO  [o.n.k.i.DiagnosticsManager] Disk space on partition (Total / Free / Free %): 214748360704 / 118695710720 / 55
Storage files: (filename : modification date - size)
2016-11-08 09:57:49.102+0000 INFO  [o.n.k.i.DiagnosticsManager]   certificates:
2016-11-08 09:57:49.103+0000 INFO  [o.n.k.i.DiagnosticsManager]     neo4j.cert: 2016-11-08T12:57:42+0300 - 1002,00 B
2016-11-08 09:57:49.104+0000 INFO  [o.n.k.i.DiagnosticsManager]     neo4j.key: 2016-11-08T12:57:42+0300 - 1,69 kB
2016-11-08 09:57:49.104+0000 INFO  [o.n.k.i.DiagnosticsManager]   - Total: 2016-11-08T12:57:42+0300 - 2,67 kB
2016-11-08 09:57:49.104+0000 INFO  [o.n.k.i.DiagnosticsManager]   data:
2016-11-08 09:57:49.105+0000 INFO  [o.n.k.i.DiagnosticsManager]     dbms:
2016-11-08 09:57:49.105+0000 INFO  [o.n.k.i.DiagnosticsManager]       auth: 2016-11-08T12:57:47+0300 - 137,00 B
2016-11-08 09:57:49.106+0000 INFO  [o.n.k.i.DiagnosticsManager]     - Total: 2016-11-08T12:57:47+0300 - 137,00 B
2016-11-08 09:57:49.106+0000 INFO  [o.n.k.i.DiagnosticsManager]   - Total: 2016-11-08T12:57:47+0300 - 137,00 B
2016-11-08 09:57:49.106+0000 INFO  [o.n.k.i.DiagnosticsManager]   index:
2016-11-08 09:57:49.107+0000 INFO  [o.n.k.i.DiagnosticsManager]   - Total: 2016-11-08T12:57:46+0300 - 0,00 B
2016-11-08 09:57:49.107+0000 INFO  [o.n.k.i.DiagnosticsManager]   logs:
2016-11-08 09:57:49.108+0000 INFO  [o.n.k.i.DiagnosticsManager]     debug.log: 2016-11-08T12:57:47+0300 - 27,25 kB
2016-11-08 09:57:49.108+0000 INFO  [o.n.k.i.DiagnosticsManager]   - Total: 2016-11-08T12:57:40+0300 - 27,25 kB
2016-11-08 09:57:49.109+0000 INFO  [o.n.k.i.DiagnosticsManager]   neostore: 2016-11-08T12:57:46+0300 - 8,00 kB
2016-11-08 09:57:49.109+0000 INFO  [o.n.k.i.DiagnosticsManager]   neostore.counts.db.a: 2016-11-08T12:57:47+0300 - 96,00 B
2016-11-08 09:57:49.109+0000 INFO  [o.n.k.i.DiagnosticsManager]   neostore.id: 2016-11-08T12:57:46+0300 - 9,00 B
2016-11-08 09:57:49.110+0000 INFO  [o.n.k.i.DiagnosticsManager]   neostore.labeltokenstore.db: 2016-11-08T12:57:45+0300 - 0,00 B
2016-11-08 09:57:49.110+0000 INFO  [o.n.k.i.DiagnosticsManager]   neostore.labeltokenstore.db.id: 2016-11-08T12:57:45+0300 - 9,00 B
2016-11-08 09:57:49.111+0000 INFO  [o.n.k.i.DiagnosticsManager]   neostore.labeltokenstore.db.names: 2016-11-08T12:57:45+0300 - 8,00 kB
2016-11-08 09:57:49.111+0000 INFO  [o.n.k.i.DiagnosticsManager]   neostore.labeltokenstore.db.names.id: 2016-11-08T12:57:45+0300 - 9,00 B
2016-11-08 09:57:49.112+0000 INFO  [o.n.k.i.DiagnosticsManager]   neostore.nodestore.db: 2016-11-08T12:57:44+0300 - 0,00 B
2016-11-08 09:57:49.112+0000 INFO  [o.n.k.i.DiagnosticsManager]   neostore.nodestore.db.id: 2016-11-08T12:57:44+0300 - 9,00 B
2016-11-08 09:57:49.113+0000 INFO  [o.n.k.i.DiagnosticsManager]   neostore.nodestore.db.labels: 2016-11-08T12:57:44+0300 - 8,00 kB
2016-11-08 09:57:49.113+0000 INFO  [o.n.k.i.DiagnosticsManager]   neostore.nodestore.db.labels.id: 2016-11-08T12:57:44+0300 - 9,00 B
2016-11-08 09:57:49.113+0000 INFO  [o.n.k.i.DiagnosticsManager]   neostore.propertystore.db: 2016-11-08T12:57:45+0300 - 0,00 B
2016-11-08 09:57:49.114+0000 INFO  [o.n.k.i.DiagnosticsManager]   neostore.propertystore.db.arrays: 2016-11-08T12:57:44+0300 - 8,00 kB
2016-11-08 09:57:49.114+0000 INFO  [o.n.k.i.DiagnosticsManager]   neostore.propertystore.db.arrays.id: 2016-11-08T12:57:45+0300 - 9,00 B
2016-11-08 09:57:49.115+0000 INFO  [o.n.k.i.DiagnosticsManager]   neostore.propertystore.db.id: 2016-11-08T12:57:45+0300 - 9,00 B
2016-11-08 09:57:49.115+0000 INFO  [o.n.k.i.DiagnosticsManager]   neostore.propertystore.db.index: 2016-11-08T12:57:44+0300 - 0,00 B
2016-11-08 09:57:49.115+0000 INFO  [o.n.k.i.DiagnosticsManager]   neostore.propertystore.db.index.id: 2016-11-08T12:57:44+0300 - 9,00 B
2016-11-08 09:57:49.116+0000 INFO  [o.n.k.i.DiagnosticsManager]   neostore.propertystore.db.index.keys: 2016-11-08T12:57:44+0300 - 8,00 kB
2016-11-08 09:57:49.116+0000 INFO  [o.n.k.i.DiagnosticsManager]   neostore.propertystore.db.index.keys.id: 2016-11-08T12:57:44+0300 - 9,00 B
2016-11-08 09:57:49.116+0000 INFO  [o.n.k.i.DiagnosticsManager]   neostore.propertystore.db.strings: 2016-11-08T12:57:44+0300 - 8,00 kB
2016-11-08 09:57:49.117+0000 INFO  [o.n.k.i.DiagnosticsManager]   neostore.propertystore.db.strings.id: 2016-11-08T12:57:44+0300 - 9,00 B
2016-11-08 09:57:49.117+0000 INFO  [o.n.k.i.DiagnosticsManager]   neostore.relationshipgroupstore.db: 2016-11-08T12:57:45+0300 - 8,00 kB
2016-11-08 09:57:49.118+0000 INFO  [o.n.k.i.DiagnosticsManager]   neostore.relationshipgroupstore.db.id: 2016-11-08T12:57:46+0300 - 9,00 B
2016-11-08 09:57:49.118+0000 INFO  [o.n.k.i.DiagnosticsManager]   neostore.relationshipstore.db: 2016-11-08T12:57:45+0300 - 0,00 B
2016-11-08 09:57:49.119+0000 INFO  [o.n.k.i.DiagnosticsManager]   neostore.relationshipstore.db.id: 2016-11-08T12:57:45+0300 - 9,00 B
2016-11-08 09:57:49.119+0000 INFO  [o.n.k.i.DiagnosticsManager]   neostore.relationshiptypestore.db: 2016-11-08T12:57:45+0300 - 0,00 B
2016-11-08 09:57:49.119+0000 INFO  [o.n.k.i.DiagnosticsManager]   neostore.relationshiptypestore.db.id: 2016-11-08T12:57:45+0300 - 9,00 B
2016-11-08 09:57:49.120+0000 INFO  [o.n.k.i.DiagnosticsManager]   neostore.relationshiptypestore.db.names: 2016-11-08T12:57:45+0300 - 8,00 kB
2016-11-08 09:57:49.120+0000 INFO  [o.n.k.i.DiagnosticsManager]   neostore.relationshiptypestore.db.names.id: 2016-11-08T12:57:45+0300 - 9,00 B
2016-11-08 09:57:49.121+0000 INFO  [o.n.k.i.DiagnosticsManager]   neostore.schemastore.db: 2016-11-08T12:57:45+0300 - 8,00 kB
2016-11-08 09:57:49.121+0000 INFO  [o.n.k.i.DiagnosticsManager]   neostore.schemastore.db.id: 2016-11-08T12:57:45+0300 - 9,00 B
2016-11-08 09:57:49.122+0000 INFO  [o.n.k.i.DiagnosticsManager]   neostore.transaction.db.0: 2016-11-08T12:57:47+0300 - 16,00 B
2016-11-08 09:57:49.122+0000 INFO  [o.n.k.i.DiagnosticsManager]   schema:
2016-11-08 09:57:49.122+0000 INFO  [o.n.k.i.DiagnosticsManager]     label:
2016-11-08 09:57:49.122+0000 INFO  [o.n.k.i.DiagnosticsManager]       lucene:
2016-11-08 09:57:49.123+0000 INFO  [o.n.k.i.DiagnosticsManager]         labelStore:
2016-11-08 09:57:49.123+0000 INFO  [o.n.k.i.DiagnosticsManager]           1:
2016-11-08 09:57:49.124+0000 INFO  [o.n.k.i.DiagnosticsManager]             write.lock: 2016-11-08T12:57:46+0300 - 0,00 B
2016-11-08 09:57:49.124+0000 INFO  [o.n.k.i.DiagnosticsManager]           - Total: 2016-11-08T12:57:46+0300 - 0,00 B
2016-11-08 09:57:49.124+0000 INFO  [o.n.k.i.DiagnosticsManager]           failure-message: 2016-11-08T12:57:46+0300 - 16,00 kB
2016-11-08 09:57:49.125+0000 INFO  [o.n.k.i.DiagnosticsManager]         - Total: 2016-11-08T12:57:46+0300 - 16,00 kB
2016-11-08 09:57:49.125+0000 INFO  [o.n.k.i.DiagnosticsManager]       - Total: 2016-11-08T12:57:46+0300 - 16,00 kB
2016-11-08 09:57:49.125+0000 INFO  [o.n.k.i.DiagnosticsManager]     - Total: 2016-11-08T12:57:46+0300 - 16,00 kB
2016-11-08 09:57:49.125+0000 INFO  [o.n.k.i.DiagnosticsManager]   - Total: 2016-11-08T12:57:46+0300 - 16,00 kB
2016-11-08 09:57:49.126+0000 INFO  [o.n.k.i.DiagnosticsManager]   store_lock: 2016-11-08T12:57:44+0300 - 0,00 B
2016-11-08 09:57:49.126+0000 INFO  [o.n.k.i.DiagnosticsManager] --- STARTED diagnostics for KernelDiagnostics:StoreFiles END ---
2016-11-08 09:57:50.954+0000 INFO  [o.n.k.i.DiagnosticsManager] --- SERVER STARTED START ---
2016-11-08 09:57:52.399+0000 INFO  [o.n.k.i.DiagnosticsManager] --- SERVER STARTED END ---
2016-11-08 10:05:47.192+0000 INFO  [o.n.k.i.t.l.c.CheckPointerImpl] Check Pointing triggered by scheduler for time threshold [4]:  Starting check pointing...
2016-11-08 10:05:47.194+0000 INFO  [o.n.k.i.t.l.c.CheckPointerImpl] Check Pointing triggered by scheduler for time threshold [4]:  Starting store flush...
2016-11-08 10:05:47.334+0000 INFO  [o.n.k.i.s.c.CountsTracker] About to rotate counts store at transaction 4 to [C:\Users\berat_imdat\Documents\Neo4j\newDB\neostore.counts.db.b], from [C:\Users\berat_imdat\Documents\Neo4j\newDB\neostore.counts.db.a].
2016-11-08 10:05:47.347+0000 INFO  [o.n.k.i.s.c.CountsTracker] Successfully rotated counts store at transaction 4 to [C:\Users\berat_imdat\Documents\Neo4j\newDB\neostore.counts.db.b], from [C:\Users\berat_imdat\Documents\Neo4j\newDB\neostore.counts.db.a].
2016-11-08 10:05:47.536+0000 INFO  [o.n.k.i.t.l.c.CheckPointerImpl] Check Pointing triggered by scheduler for time threshold [4]:  Store flush completed
2016-11-08 10:05:47.536+0000 INFO  [o.n.k.i.t.l.c.CheckPointerImpl] Check Pointing triggered by scheduler for time threshold [4]:  Starting appending check point entry into the tx log...
2016-11-08 10:05:47.555+0000 INFO  [o.n.k.i.t.l.c.CheckPointerImpl] Check Pointing triggered by scheduler for time threshold [4]:  Appending check point entry into the tx log completed
2016-11-08 10:05:47.555+0000 INFO  [o.n.k.i.t.l.c.CheckPointerImpl] Check Pointing triggered by scheduler for time threshold [4]:  Check pointing completed
2016-11-08 10:05:47.556+0000 INFO  [o.n.k.i.t.l.p.LogPruningImpl] Log Rotation [0]:  Starting log pruning.
2016-11-08 10:05:47.556+0000 INFO  [o.n.k.i.t.l.p.LogPruningImpl] Log Rotation [0]:  Log pruning complete.
2016-11-08 10:06:11.459+0000 INFO  [o.n.c.i.ExecutionEngine] Discarded stale query from the query cache: EXPLAIN CREATE (adana:Team 				{ name: "Adanaspor" })
CREATE (akhisar:Team 			{ name: "Akhisar Belediyespor" })
CREATE (alanyaspor:Team 		{ name: "Alanyaspor" })
CREATE (antalyaspor:Team 		{ name: "Antalyaspor" })
CREATE (besiktas:Team 			{ name: "Beşiktaş" })
CREATE (bursaspor:Team 			{ name: "Bursaspor" })
CREATE (caykurRizespor:Team 	{ name: "Çaykur Rizespor" })
CREATE (fenerbahce:Team 		{ name:"Fenerbahçe" })
CREATE (galatasaray:Team 		{ name: "Galatasaray" })
CREATE (gaziantepspor:Team 		{ name: "Gaziantepspor" })
CREATE (genclerbirligi:Team 	{ name: "Gençlerbirliği" })
CREATE (istanbulBasaksehir:Team { name: "İstanbul Başakşehir	" })
CREATE (kardemirKarabukspor:Team { name: "Kardemir Karabukspor" })
CREATE (kasimpasa:Team 		{ name:"Kasımpaşa" })
CREATE (kayserispor:Team 		{ name: "Kayserisporr" })
CREATE (konyaspor:Team 		{ name: "Konyaspor" })
CREATE (osmanlispor:Team 		{ name: "Osmanlıspor" })
CREATE (trabzonspor:Team 		{ name: "Trabzonspor" })

2016-11-08 10:06:11.466+0000 INFO  [o.n.c.i.CypherCompiler] Discarded stale query from the query cache: CREATE (adana:Team 				{ name: "Adanaspor" })
CREATE (akhisar:Team 			{ name: "Akhisar Belediyespor" })
CREATE (alanyaspor:Team 		{ name: "Alanyaspor" })
CREATE (antalyaspor:Team 		{ name: "Antalyaspor" })
CREATE (besiktas:Team 			{ name: "Beşiktaş" })
CREATE (bursaspor:Team 			{ name: "Bursaspor" })
CREATE (caykurRizespor:Team 	{ name: "Çaykur Rizespor" })
CREATE (fenerbahce:Team 		{ name:"Fenerbahçe" })
CREATE (galatasaray:Team 		{ name: "Galatasaray" })
CREATE (gaziantepspor:Team 		{ name: "Gaziantepspor" })
CREATE (genclerbirligi:Team 	{ name: "Gençlerbirliği" })
CREATE (istanbulBasaksehir:Team { name: "İstanbul Başakşehir	" })
CREATE (kardemirKarabukspor:Team { name: "Kardemir Karabukspor" })
CREATE (kasimpasa:Team 		{ name:"Kasımpaşa" })
CREATE (kayserispor:Team 		{ name: "Kayserisporr" })
CREATE (konyaspor:Team 		{ name: "Konyaspor" })
CREATE (osmanlispor:Team 		{ name: "Osmanlıspor" })
CREATE (trabzonspor:Team 		{ name: "Trabzonspor" })

2016-11-08 10:14:42.374+0000 INFO  [o.n.c.i.ExecutionEngine] Discarded stale query from the query cache: MATCH (a)-[r]->(b) WHERE id(a) IN {node_ids}
AND id(b) IN {new_node_ids}
RETURN r;
2016-11-08 10:14:42.379+0000 INFO  [o.n.c.i.CypherCompiler] Discarded stale query from the query cache: MATCH (a)-[r]->(b) WHERE id(a) IN {node_ids}
AND id(b) IN {new_node_ids}
RETURN r;
2016-11-08 10:14:47.623+0000 INFO  [o.n.k.i.t.l.c.CheckPointerImpl] Check Pointing triggered by scheduler for time threshold [6]:  Starting check pointing...
2016-11-08 10:14:47.624+0000 INFO  [o.n.k.i.t.l.c.CheckPointerImpl] Check Pointing triggered by scheduler for time threshold [6]:  Starting store flush...
2016-11-08 10:14:47.765+0000 INFO  [o.n.k.i.s.c.CountsTracker] About to rotate counts store at transaction 6 to [C:\Users\berat_imdat\Documents\Neo4j\newDB\neostore.counts.db.a], from [C:\Users\berat_imdat\Documents\Neo4j\newDB\neostore.counts.db.b].
2016-11-08 10:14:47.787+0000 INFO  [o.n.k.i.s.c.CountsTracker] Successfully rotated counts store at transaction 6 to [C:\Users\berat_imdat\Documents\Neo4j\newDB\neostore.counts.db.a], from [C:\Users\berat_imdat\Documents\Neo4j\newDB\neostore.counts.db.b].
2016-11-08 10:14:47.905+0000 INFO  [o.n.k.i.t.l.c.CheckPointerImpl] Check Pointing triggered by scheduler for time threshold [6]:  Store flush completed
2016-11-08 10:14:47.906+0000 INFO  [o.n.k.i.t.l.c.CheckPointerImpl] Check Pointing triggered by scheduler for time threshold [6]:  Starting appending check point entry into the tx log...
2016-11-08 10:14:47.933+0000 INFO  [o.n.k.i.t.l.c.CheckPointerImpl] Check Pointing triggered by scheduler for time threshold [6]:  Appending check point entry into the tx log completed
2016-11-08 10:14:47.933+0000 INFO  [o.n.k.i.t.l.c.CheckPointerImpl] Check Pointing triggered by scheduler for time threshold [6]:  Check pointing completed
2016-11-08 10:14:47.933+0000 INFO  [o.n.k.i.t.l.p.LogPruningImpl] Log Rotation [0]:  Starting log pruning.
2016-11-08 10:14:47.934+0000 INFO  [o.n.k.i.t.l.p.LogPruningImpl] Log Rotation [0]:  Log pruning complete.
2016-11-08 10:19:47.961+0000 INFO  [o.n.k.i.t.l.c.CheckPointerImpl] Check Pointing triggered by scheduler for time threshold [9]:  Starting check pointing...
2016-11-08 10:19:47.961+0000 INFO  [o.n.k.i.t.l.c.CheckPointerImpl] Check Pointing triggered by scheduler for time threshold [9]:  Starting store flush...
2016-11-08 10:19:48.078+0000 INFO  [o.n.k.i.s.c.CountsTracker] About to rotate counts store at transaction 9 to [C:\Users\berat_imdat\Documents\Neo4j\newDB\neostore.counts.db.b], from [C:\Users\berat_imdat\Documents\Neo4j\newDB\neostore.counts.db.a].
2016-11-08 10:19:48.096+0000 INFO  [o.n.k.i.s.c.CountsTracker] Successfully rotated counts store at transaction 9 to [C:\Users\berat_imdat\Documents\Neo4j\newDB\neostore.counts.db.b], from [C:\Users\berat_imdat\Documents\Neo4j\newDB\neostore.counts.db.a].
2016-11-08 10:19:48.306+0000 INFO  [o.n.k.i.t.l.c.CheckPointerImpl] Check Pointing triggered by scheduler for time threshold [9]:  Store flush completed
2016-11-08 10:19:48.306+0000 INFO  [o.n.k.i.t.l.c.CheckPointerImpl] Check Pointing triggered by scheduler for time threshold [9]:  Starting appending check point entry into the tx log...
2016-11-08 10:19:48.332+0000 INFO  [o.n.k.i.t.l.c.CheckPointerImpl] Check Pointing triggered by scheduler for time threshold [9]:  Appending check point entry into the tx log completed
2016-11-08 10:19:48.333+0000 INFO  [o.n.k.i.t.l.c.CheckPointerImpl] Check Pointing triggered by scheduler for time threshold [9]:  Check pointing completed
2016-11-08 10:19:48.334+0000 INFO  [o.n.k.i.t.l.p.LogPruningImpl] Log Rotation [0]:  Starting log pruning.
2016-11-08 10:19:48.334+0000 INFO  [o.n.k.i.t.l.p.LogPruningImpl] Log Rotation [0]:  Log pruning complete.
2016-11-08 10:23:37.438+0000 INFO  [o.n.c.i.ExecutionEngine] Discarded stale query from the query cache: MATCH (a)-[r]->(b) WHERE id(a) IN {node_ids}
AND id(b) IN {new_node_ids}
RETURN r;
2016-11-08 10:23:37.440+0000 INFO  [o.n.c.i.CypherCompiler] Discarded stale query from the query cache: MATCH (a)-[r]->(b) WHERE id(a) IN {node_ids}
AND id(b) IN {new_node_ids}
RETURN r;
2016-11-08 10:23:40.604+0000 INFO  [o.n.c.i.ExecutionEngine] Discarded stale query from the query cache: MATCH path = (a)--(o)
WHERE id(a)= 18
AND NOT (id(o) IN[])
RETURN path, size((a)--()) as c
ORDER BY id(o)
LIMIT 100
2016-11-08 10:23:40.608+0000 INFO  [o.n.c.i.CypherCompiler] Discarded stale query from the query cache: MATCH path = (a)--(o)
WHERE id(a)= 18
AND NOT (id(o) IN[])
RETURN path, size((a)--()) as c
ORDER BY id(o)
LIMIT 100
2016-11-08 10:24:48.360+0000 INFO  [o.n.k.i.t.l.c.CheckPointerImpl] Check Pointing triggered by scheduler for time threshold [14]:  Starting check pointing...
2016-11-08 10:24:48.360+0000 INFO  [o.n.k.i.t.l.c.CheckPointerImpl] Check Pointing triggered by scheduler for time threshold [14]:  Starting store flush...
2016-11-08 10:24:48.492+0000 INFO  [o.n.k.i.s.c.CountsTracker] About to rotate counts store at transaction 14 to [C:\Users\berat_imdat\Documents\Neo4j\newDB\neostore.counts.db.a], from [C:\Users\berat_imdat\Documents\Neo4j\newDB\neostore.counts.db.b].
2016-11-08 10:24:48.511+0000 INFO  [o.n.k.i.s.c.CountsTracker] Successfully rotated counts store at transaction 14 to [C:\Users\berat_imdat\Documents\Neo4j\newDB\neostore.counts.db.a], from [C:\Users\berat_imdat\Documents\Neo4j\newDB\neostore.counts.db.b].
2016-11-08 10:24:48.710+0000 INFO  [o.n.k.i.t.l.c.CheckPointerImpl] Check Pointing triggered by scheduler for time threshold [14]:  Store flush completed
2016-11-08 10:24:48.711+0000 INFO  [o.n.k.i.t.l.c.CheckPointerImpl] Check Pointing triggered by scheduler for time threshold [14]:  Starting appending check point entry into the tx log...
2016-11-08 10:24:48.733+0000 INFO  [o.n.k.i.t.l.c.CheckPointerImpl] Check Pointing triggered by scheduler for time threshold [14]:  Appending check point entry into the tx log completed
2016-11-08 10:24:48.733+0000 INFO  [o.n.k.i.t.l.c.CheckPointerImpl] Check Pointing triggered by scheduler for time threshold [14]:  Check pointing completed
2016-11-08 10:24:48.734+0000 INFO  [o.n.k.i.t.l.p.LogPruningImpl] Log Rotation [0]:  Starting log pruning.
2016-11-08 10:24:48.735+0000 INFO  [o.n.k.i.t.l.p.LogPruningImpl] Log Rotation [0]:  Log pruning complete.
2016-11-08 10:28:03.996+0000 INFO  [o.n.c.i.CypherCompiler] Discarded stale query from the query cache: MATCH path = (a)--(o)
WHERE id(a)= 55
AND NOT (id(o) IN[18])
RETURN path, size((a)--()) as c
ORDER BY id(o)
LIMIT 99
2016-11-08 10:29:06.732+0000 INFO  [o.n.c.i.ExecutionEngine] Discarded stale query from the query cache: MATCH (n:Team) RETURN n LIMIT 25
2016-11-08 10:29:06.736+0000 INFO  [o.n.c.i.CypherCompiler] Discarded stale query from the query cache: MATCH (n:Team) RETURN n LIMIT 25
